{
  "RSpec": {
    "coverage": {
      "/Users/stearnzy/turing/3mod/projects/rails-engine/rails_engine/app/mailers/application_mailer.rb": {
        "lines": [
          0,
          0,
          0,
          0
        ],
        "branches": {
        }
      },
      "/Users/stearnzy/turing/3mod/projects/rails-engine/rails_engine/app/models/application_record.rb": {
        "lines": [
          0,
          0,
          0
        ],
        "branches": {
        }
      },
      "/Users/stearnzy/turing/3mod/projects/rails-engine/rails_engine/app/controllers/application_controller.rb": {
        "lines": [
          0,
          0
        ],
        "branches": {
        }
      }
    },
    "timestamp": 1607752124
  }
}
